<?xml version="1.0" encoding="UTF-8"?>
<testng-results ignored="0" total="1" passed="0" failed="1" skipped="0">
  <reporter-output>
  </reporter-output>
  <suite started-at="2021-02-03T23:05:21Z" name="Default suite" finished-at="2021-02-03T23:05:40Z" duration-ms="18176">
    <groups>
      <group name="cucumber">
        <method signature="AbstractTestNGCucumberTests.runScenario(io.cucumber.testng.PickleWrapper, io.cucumber.testng.FeatureWrapper)[pri:0, instance:parallel.ParallelRun@6bc407fd]" name="runScenario" class="io.cucumber.testng.AbstractTestNGCucumberTests"/>
      </group> <!-- cucumber -->
    </groups>
    <test started-at="2021-02-03T23:05:21Z" name="Default test" finished-at="2021-02-03T23:05:40Z" duration-ms="18176">
      <class name="parallel.ParallelRun">
        <test-method is-config="true" signature="setUpClass()[pri:0, instance:parallel.ParallelRun@6bc407fd]" started-at="2021-02-03T23:05:21Z" name="setUpClass" finished-at="2021-02-03T23:05:22Z" duration-ms="425" status="PASS">
          <reporter-output>
          </reporter-output>
        </test-method> <!-- setUpClass -->
        <test-method signature="runScenario(io.cucumber.testng.PickleWrapper, io.cucumber.testng.FeatureWrapper)[pri:0, instance:parallel.ParallelRun@6bc407fd]" started-at="2021-02-03T23:05:22Z" name="runScenario" description="Runs Cucumber Scenarios" data-provider="scenarios" finished-at="2021-02-03T23:05:34Z" duration-ms="12209" status="FAIL">
          <params>
            <param index="0">
              <value>
                <![CDATA["Smoke Test"]]>
              </value>
            </param>
            <param index="1">
              <value>
                <![CDATA["Optional[Smoke Test for Socrative Application]"]]>
              </value>
            </param>
          </params>
          <exception class="java.lang.AssertionError">
            <message>
              <![CDATA[Room Name not added]]>
            </message>
            <full-stacktrace>
              <![CDATA[java.lang.AssertionError: Room Name not added
at org.junit.Assert.fail(Assert.java:89)
at org.junit.Assert.assertTrue(Assert.java:42)
at parallel.RoomPageSteps.teacher_verifies_room_added_message_and_room_name_in_the_page(RoomPageSteps.java:49)
at âœ½.Teacher verifies Room Added Message and Room Name in the page(file:///Users/rajivvemula/Downloads/SocrativeSelenium/src/java/resources/Features/SmokeTest.feature:19)
]]>
            </full-stacktrace>
          </exception> <!-- java.lang.AssertionError -->
          <reporter-output>
          </reporter-output>
        </test-method> <!-- runScenario -->
        <test-method is-config="true" signature="tearDownClass()[pri:0, instance:parallel.ParallelRun@6bc407fd]" started-at="2021-02-03T23:05:34Z" name="tearDownClass" finished-at="2021-02-03T23:05:40Z" duration-ms="5530" status="PASS">
          <reporter-output>
          </reporter-output>
        </test-method> <!-- tearDownClass -->
      </class> <!-- parallel.ParallelRun -->
    </test> <!-- Default test -->
  </suite> <!-- Default suite -->
</testng-results>
